The system is: Linux - 5.5.9-desktop-1.mga7 - x86_64
Compiling the C compiler identification source file "CMakeCCompilerId.c" succeeded.
Compiler: /usr/bin/cc 
Build flags: 
Id flags:  

The output was:
0


Compilation of the C compiler identification source "CMakeCCompilerId.c" produced "a.out"

The C compiler identification is GNU, found in "/home/pvicente/RBDOOM-3-BFG/neo/build/CMakeFiles/3.14.3/CompilerIdC/a.out"

Compiling the CXX compiler identification source file "CMakeCXXCompilerId.cpp" succeeded.
Compiler: /usr/bin/c++ 
Build flags: 
Id flags:  

The output was:
0


Compilation of the CXX compiler identification source "CMakeCXXCompilerId.cpp" produced "a.out"

The CXX compiler identification is GNU, found in "/home/pvicente/RBDOOM-3-BFG/neo/build/CMakeFiles/3.14.3/CompilerIdCXX/a.out"

Determining if the C compiler works passed with the following output:
Change Dir: /home/pvicente/RBDOOM-3-BFG/neo/build/CMakeFiles/CMakeTmp

Run Build Command(s):/usr/bin/gmake cmTC_14a49/fast 
/usr/bin/gmake -f CMakeFiles/cmTC_14a49.dir/build.make CMakeFiles/cmTC_14a49.dir/build
gmake[1]: Entering directory '/home/pvicente/RBDOOM-3-BFG/neo/build/CMakeFiles/CMakeTmp'
Building C object CMakeFiles/cmTC_14a49.dir/testCCompiler.c.o
/usr/bin/cc    -o CMakeFiles/cmTC_14a49.dir/testCCompiler.c.o   -c /home/pvicente/RBDOOM-3-BFG/neo/build/CMakeFiles/CMakeTmp/testCCompiler.c
Linking C executable cmTC_14a49
/usr/bin/cmake -E cmake_link_script CMakeFiles/cmTC_14a49.dir/link.txt --verbose=1
/usr/bin/cc      -rdynamic CMakeFiles/cmTC_14a49.dir/testCCompiler.c.o  -o cmTC_14a49 
gmake[1]: Leaving directory '/home/pvicente/RBDOOM-3-BFG/neo/build/CMakeFiles/CMakeTmp'


Detecting C compiler ABI info compiled with the following output:
Change Dir: /home/pvicente/RBDOOM-3-BFG/neo/build/CMakeFiles/CMakeTmp

Run Build Command(s):/usr/bin/gmake cmTC_42e90/fast 
/usr/bin/gmake -f CMakeFiles/cmTC_42e90.dir/build.make CMakeFiles/cmTC_42e90.dir/build
gmake[1]: Entering directory '/home/pvicente/RBDOOM-3-BFG/neo/build/CMakeFiles/CMakeTmp'
Building C object CMakeFiles/cmTC_42e90.dir/CMakeCCompilerABI.c.o
/usr/bin/cc   -v -o CMakeFiles/cmTC_42e90.dir/CMakeCCompilerABI.c.o   -c /usr/share/cmake/Modules/CMakeCCompilerABI.c
Using built-in specs.
COLLECT_GCC=/usr/bin/cc
Target: x86_64-mageia-linux-gnu
Configured with: ../configure --prefix=/usr --libexecdir=/usr/lib --with-slibdir=/lib64 --with-pkgversion='Mageia 8.4.0-1.mga7' --with-bugurl=https://bugs.mageia.org/ --mandir=/usr/share/man --infodir=/usr/share/info --enable-checking=release --enable-languages=c,c++,ada,fortran,objc,obj-c++ --enable-linker-build-id --build=x86_64-mageia-linux-gnu --host=x86_64-mageia-linux-gnu --with-cpu=generic --with-system-zlib --enable-threads=posix --with-linker-hash-style=gnu --enable-shared --enable-long-long --enable-__cxa_atexit --disable-libunwind-exceptions --enable-clocale=gnu --enable-ssp --disable-libssp --disable-libffi --disable-werror --with-isl --with-python-dir=/lib/python2.7/site-packages --enable-lto
Thread model: posix
gcc version 8.4.0 (Mageia 8.4.0-1.mga7) 
COLLECT_GCC_OPTIONS='-v' '-o' 'CMakeFiles/cmTC_42e90.dir/CMakeCCompilerABI.c.o' '-c' '-mtune=generic' '-march=x86-64'
 /usr/lib/gcc/x86_64-mageia-linux-gnu/8.4.0/cc1 -quiet -v /usr/share/cmake/Modules/CMakeCCompilerABI.c -quiet -dumpbase CMakeCCompilerABI.c -mtune=generic -march=x86-64 -auxbase-strip CMakeFiles/cmTC_42e90.dir/CMakeCCompilerABI.c.o -version -o /tmp/ccJVxsW2.s
GNU C17 (Mageia 8.4.0-1.mga7) version 8.4.0 (x86_64-mageia-linux-gnu)
	compiled by GNU C version 8.4.0, GMP version 6.1.2, MPFR version 4.0.2, MPC version 1.1.0, isl version isl-0.18-GMP

GGC heuristics: --param ggc-min-expand=100 --param ggc-min-heapsize=131072
ignoring nonexistent directory "/usr/lib/gcc/x86_64-mageia-linux-gnu/8.4.0/include-fixed"
ignoring nonexistent directory "/usr/lib/gcc/x86_64-mageia-linux-gnu/8.4.0/../../../../x86_64-mageia-linux-gnu/include"
#include "..." search starts here:
#include <...> search starts here:
 /usr/lib/gcc/x86_64-mageia-linux-gnu/8.4.0/include
 /usr/local/include
 /usr/include
End of search list.
GNU C17 (Mageia 8.4.0-1.mga7) version 8.4.0 (x86_64-mageia-linux-gnu)
	compiled by GNU C version 8.4.0, GMP version 6.1.2, MPFR version 4.0.2, MPC version 1.1.0, isl version isl-0.18-GMP

GGC heuristics: --param ggc-min-expand=100 --param ggc-min-heapsize=131072
Compiler executable checksum: 2c667a5a46df1d3332f3343fb0cacbef
COLLECT_GCC_OPTIONS='-v' '-o' 'CMakeFiles/cmTC_42e90.dir/CMakeCCompilerABI.c.o' '-c' '-mtune=generic' '-march=x86-64'
 as -v --64 -o CMakeFiles/cmTC_42e90.dir/CMakeCCompilerABI.c.o /tmp/ccJVxsW2.s
GNU assembler version 2.33.1 (x86_64-mageia-linux-gnu) using BFD version (GNU Binutils) 2.33.1
COMPILER_PATH=/usr/lib/gcc/x86_64-mageia-linux-gnu/8.4.0/:/usr/lib/gcc/x86_64-mageia-linux-gnu/8.4.0/:/usr/lib/gcc/x86_64-mageia-linux-gnu/:/usr/lib/gcc/x86_64-mageia-linux-gnu/8.4.0/:/usr/lib/gcc/x86_64-mageia-linux-gnu/
LIBRARY_PATH=/usr/lib/gcc/x86_64-mageia-linux-gnu/8.4.0/:/usr/lib/gcc/x86_64-mageia-linux-gnu/8.4.0/../../../../lib64/:/lib/../lib64/:/usr/lib/../lib64/:/usr/lib/gcc/x86_64-mageia-linux-gnu/8.4.0/../../../:/lib/:/usr/lib/
COLLECT_GCC_OPTIONS='-v' '-o' 'CMakeFiles/cmTC_42e90.dir/CMakeCCompilerABI.c.o' '-c' '-mtune=generic' '-march=x86-64'
Linking C executable cmTC_42e90
/usr/bin/cmake -E cmake_link_script CMakeFiles/cmTC_42e90.dir/link.txt --verbose=1
/usr/bin/cc     -v -rdynamic CMakeFiles/cmTC_42e90.dir/CMakeCCompilerABI.c.o  -o cmTC_42e90 
Using built-in specs.
COLLECT_GCC=/usr/bin/cc
COLLECT_LTO_WRAPPER=/usr/lib/gcc/x86_64-mageia-linux-gnu/8.4.0/lto-wrapper
Target: x86_64-mageia-linux-gnu
Configured with: ../configure --prefix=/usr --libexecdir=/usr/lib --with-slibdir=/lib64 --with-pkgversion='Mageia 8.4.0-1.mga7' --with-bugurl=https://bugs.mageia.org/ --mandir=/usr/share/man --infodir=/usr/share/info --enable-checking=release --enable-languages=c,c++,ada,fortran,objc,obj-c++ --enable-linker-build-id --build=x86_64-mageia-linux-gnu --host=x86_64-mageia-linux-gnu --with-cpu=generic --with-system-zlib --enable-threads=posix --with-linker-hash-style=gnu --enable-shared --enable-long-long --enable-__cxa_atexit --disable-libunwind-exceptions --enable-clocale=gnu --enable-ssp --disable-libssp --disable-libffi --disable-werror --with-isl --with-python-dir=/lib/python2.7/site-packages --enable-lto
Thread model: posix
gcc version 8.4.0 (Mageia 8.4.0-1.mga7) 
COMPILER_PATH=/usr/lib/gcc/x86_64-mageia-linux-gnu/8.4.0/:/usr/lib/gcc/x86_64-mageia-linux-gnu/8.4.0/:/usr/lib/gcc/x86_64-mageia-linux-gnu/:/usr/lib/gcc/x86_64-mageia-linux-gnu/8.4.0/:/usr/lib/gcc/x86_64-mageia-linux-gnu/
LIBRARY_PATH=/usr/lib/gcc/x86_64-mageia-linux-gnu/8.4.0/:/usr/lib/gcc/x86_64-mageia-linux-gnu/8.4.0/../../../../lib64/:/lib/../lib64/:/usr/lib/../lib64/:/usr/lib/gcc/x86_64-mageia-linux-gnu/8.4.0/../../../:/lib/:/usr/lib/
COLLECT_GCC_OPTIONS='-v' '-rdynamic' '-o' 'cmTC_42e90' '-mtune=generic' '-march=x86-64'
 /usr/lib/gcc/x86_64-mageia-linux-gnu/8.4.0/collect2 -plugin /usr/lib/gcc/x86_64-mageia-linux-gnu/8.4.0/liblto_plugin.so -plugin-opt=/usr/lib/gcc/x86_64-mageia-linux-gnu/8.4.0/lto-wrapper -plugin-opt=-fresolution=/tmp/cc5MGG83.res -plugin-opt=-pass-through=-lgcc -plugin-opt=-pass-through=-lgcc_s -plugin-opt=-pass-through=-lc -plugin-opt=-pass-through=-lgcc -plugin-opt=-pass-through=-lgcc_s --build-id --eh-frame-hdr --hash-style=gnu -m elf_x86_64 -export-dynamic -dynamic-linker /lib64/ld-linux-x86-64.so.2 -o cmTC_42e90 /usr/lib/gcc/x86_64-mageia-linux-gnu/8.4.0/../../../../lib64/crt1.o /usr/lib/gcc/x86_64-mageia-linux-gnu/8.4.0/../../../../lib64/crti.o /usr/lib/gcc/x86_64-mageia-linux-gnu/8.4.0/crtbegin.o -L/usr/lib/gcc/x86_64-mageia-linux-gnu/8.4.0 -L/usr/lib/gcc/x86_64-mageia-linux-gnu/8.4.0/../../../../lib64 -L/lib/../lib64 -L/usr/lib/../lib64 -L/usr/lib/gcc/x86_64-mageia-linux-gnu/8.4.0/../../.. CMakeFiles/cmTC_42e90.dir/CMakeCCompilerABI.c.o -lgcc --as-needed -lgcc_s --no-as-needed -lc -lgcc --as-needed -lgcc_s --no-as-needed /usr/lib/gcc/x86_64-mageia-linux-gnu/8.4.0/crtend.o /usr/lib/gcc/x86_64-mageia-linux-gnu/8.4.0/../../../../lib64/crtn.o
COLLECT_GCC_OPTIONS='-v' '-rdynamic' '-o' 'cmTC_42e90' '-mtune=generic' '-march=x86-64'
gmake[1]: Leaving directory '/home/pvicente/RBDOOM-3-BFG/neo/build/CMakeFiles/CMakeTmp'


Parsed C implicit include dir info from above output: rv=done
  found start of include info
  found start of implicit include info
    add: [/usr/lib/gcc/x86_64-mageia-linux-gnu/8.4.0/include]
    add: [/usr/local/include]
    add: [/usr/include]
  end of search list found
  collapse include dir [/usr/lib/gcc/x86_64-mageia-linux-gnu/8.4.0/include] ==> [/usr/lib/gcc/x86_64-mageia-linux-gnu/8.4.0/include]
  collapse include dir [/usr/local/include] ==> [/usr/local/include]
  collapse include dir [/usr/include] ==> [/usr/include]
  implicit include dirs: [/usr/lib/gcc/x86_64-mageia-linux-gnu/8.4.0/include;/usr/local/include;/usr/include]


Parsed C implicit link information from above output:
  link line regex: [^( *|.*[/\])(ld|CMAKE_LINK_STARTFILE-NOTFOUND|([^/\]+-)?ld|collect2)[^/\]*( |$)]
  ignore line: [Change Dir: /home/pvicente/RBDOOM-3-BFG/neo/build/CMakeFiles/CMakeTmp]
  ignore line: []
  ignore line: [Run Build Command(s):/usr/bin/gmake cmTC_42e90/fast ]
  ignore line: [/usr/bin/gmake -f CMakeFiles/cmTC_42e90.dir/build.make CMakeFiles/cmTC_42e90.dir/build]
  ignore line: [gmake[1]: Entering directory '/home/pvicente/RBDOOM-3-BFG/neo/build/CMakeFiles/CMakeTmp']
  ignore line: [Building C object CMakeFiles/cmTC_42e90.dir/CMakeCCompilerABI.c.o]
  ignore line: [/usr/bin/cc   -v -o CMakeFiles/cmTC_42e90.dir/CMakeCCompilerABI.c.o   -c /usr/share/cmake/Modules/CMakeCCompilerABI.c]
  ignore line: [Using built-in specs.]
  ignore line: [COLLECT_GCC=/usr/bin/cc]
  ignore line: [Target: x86_64-mageia-linux-gnu]
  ignore line: [Configured with: ../configure --prefix=/usr --libexecdir=/usr/lib --with-slibdir=/lib64 --with-pkgversion='Mageia 8.4.0-1.mga7' --with-bugurl=https://bugs.mageia.org/ --mandir=/usr/share/man --infodir=/usr/share/info --enable-checking=release --enable-languages=c,c++,ada,fortran,objc,obj-c++ --enable-linker-build-id --build=x86_64-mageia-linux-gnu --host=x86_64-mageia-linux-gnu --with-cpu=generic --with-system-zlib --enable-threads=posix --with-linker-hash-style=gnu --enable-shared --enable-long-long --enable-__cxa_atexit --disable-libunwind-exceptions --enable-clocale=gnu --enable-ssp --disable-libssp --disable-libffi --disable-werror --with-isl --with-python-dir=/lib/python2.7/site-packages --enable-lto]
  ignore line: [Thread model: posix]
  ignore line: [gcc version 8.4.0 (Mageia 8.4.0-1.mga7) ]
  ignore line: [COLLECT_GCC_OPTIONS='-v' '-o' 'CMakeFiles/cmTC_42e90.dir/CMakeCCompilerABI.c.o' '-c' '-mtune=generic' '-march=x86-64']
  ignore line: [ /usr/lib/gcc/x86_64-mageia-linux-gnu/8.4.0/cc1 -quiet -v /usr/share/cmake/Modules/CMakeCCompilerABI.c -quiet -dumpbase CMakeCCompilerABI.c -mtune=generic -march=x86-64 -auxbase-strip CMakeFiles/cmTC_42e90.dir/CMakeCCompilerABI.c.o -version -o /tmp/ccJVxsW2.s]
  ignore line: [GNU C17 (Mageia 8.4.0-1.mga7) version 8.4.0 (x86_64-mageia-linux-gnu)]
  ignore line: [	compiled by GNU C version 8.4.0, GMP version 6.1.2, MPFR version 4.0.2, MPC version 1.1.0, isl version isl-0.18-GMP]
  ignore line: []
  ignore line: [GGC heuristics: --param ggc-min-expand=100 --param ggc-min-heapsize=131072]
  ignore line: [ignoring nonexistent directory "/usr/lib/gcc/x86_64-mageia-linux-gnu/8.4.0/include-fixed"]
  ignore line: [ignoring nonexistent directory "/usr/lib/gcc/x86_64-mageia-linux-gnu/8.4.0/../../../../x86_64-mageia-linux-gnu/include"]
  ignore line: [#include "..." search starts here:]
  ignore line: [#include <...> search starts here:]
  ignore line: [ /usr/lib/gcc/x86_64-mageia-linux-gnu/8.4.0/include]
  ignore line: [ /usr/local/include]
  ignore line: [ /usr/include]
  ignore line: [End of search list.]
  ignore line: [GNU C17 (Mageia 8.4.0-1.mga7) version 8.4.0 (x86_64-mageia-linux-gnu)]
  ignore line: [	compiled by GNU C version 8.4.0, GMP version 6.1.2, MPFR version 4.0.2, MPC version 1.1.0, isl version isl-0.18-GMP]
  ignore line: []
  ignore line: [GGC heuristics: --param ggc-min-expand=100 --param ggc-min-heapsize=131072]
  ignore line: [Compiler executable checksum: 2c667a5a46df1d3332f3343fb0cacbef]
  ignore line: [COLLECT_GCC_OPTIONS='-v' '-o' 'CMakeFiles/cmTC_42e90.dir/CMakeCCompilerABI.c.o' '-c' '-mtune=generic' '-march=x86-64']
  ignore line: [ as -v --64 -o CMakeFiles/cmTC_42e90.dir/CMakeCCompilerABI.c.o /tmp/ccJVxsW2.s]
  ignore line: [GNU assembler version 2.33.1 (x86_64-mageia-linux-gnu) using BFD version (GNU Binutils) 2.33.1]
  ignore line: [COMPILER_PATH=/usr/lib/gcc/x86_64-mageia-linux-gnu/8.4.0/:/usr/lib/gcc/x86_64-mageia-linux-gnu/8.4.0/:/usr/lib/gcc/x86_64-mageia-linux-gnu/:/usr/lib/gcc/x86_64-mageia-linux-gnu/8.4.0/:/usr/lib/gcc/x86_64-mageia-linux-gnu/]
  ignore line: [LIBRARY_PATH=/usr/lib/gcc/x86_64-mageia-linux-gnu/8.4.0/:/usr/lib/gcc/x86_64-mageia-linux-gnu/8.4.0/../../../../lib64/:/lib/../lib64/:/usr/lib/../lib64/:/usr/lib/gcc/x86_64-mageia-linux-gnu/8.4.0/../../../:/lib/:/usr/lib/]
  ignore line: [COLLECT_GCC_OPTIONS='-v' '-o' 'CMakeFiles/cmTC_42e90.dir/CMakeCCompilerABI.c.o' '-c' '-mtune=generic' '-march=x86-64']
  ignore line: [Linking C executable cmTC_42e90]
  ignore line: [/usr/bin/cmake -E cmake_link_script CMakeFiles/cmTC_42e90.dir/link.txt --verbose=1]
  ignore line: [/usr/bin/cc     -v -rdynamic CMakeFiles/cmTC_42e90.dir/CMakeCCompilerABI.c.o  -o cmTC_42e90 ]
  ignore line: [Using built-in specs.]
  ignore line: [COLLECT_GCC=/usr/bin/cc]
  ignore line: [COLLECT_LTO_WRAPPER=/usr/lib/gcc/x86_64-mageia-linux-gnu/8.4.0/lto-wrapper]
  ignore line: [Target: x86_64-mageia-linux-gnu]
  ignore line: [Configured with: ../configure --prefix=/usr --libexecdir=/usr/lib --with-slibdir=/lib64 --with-pkgversion='Mageia 8.4.0-1.mga7' --with-bugurl=https://bugs.mageia.org/ --mandir=/usr/share/man --infodir=/usr/share/info --enable-checking=release --enable-languages=c,c++,ada,fortran,objc,obj-c++ --enable-linker-build-id --build=x86_64-mageia-linux-gnu --host=x86_64-mageia-linux-gnu --with-cpu=generic --with-system-zlib --enable-threads=posix --with-linker-hash-style=gnu --enable-shared --enable-long-long --enable-__cxa_atexit --disable-libunwind-exceptions --enable-clocale=gnu --enable-ssp --disable-libssp --disable-libffi --disable-werror --with-isl --with-python-dir=/lib/python2.7/site-packages --enable-lto]
  ignore line: [Thread model: posix]
  ignore line: [gcc version 8.4.0 (Mageia 8.4.0-1.mga7) ]
  ignore line: [COMPILER_PATH=/usr/lib/gcc/x86_64-mageia-linux-gnu/8.4.0/:/usr/lib/gcc/x86_64-mageia-linux-gnu/8.4.0/:/usr/lib/gcc/x86_64-mageia-linux-gnu/:/usr/lib/gcc/x86_64-mageia-linux-gnu/8.4.0/:/usr/lib/gcc/x86_64-mageia-linux-gnu/]
  ignore line: [LIBRARY_PATH=/usr/lib/gcc/x86_64-mageia-linux-gnu/8.4.0/:/usr/lib/gcc/x86_64-mageia-linux-gnu/8.4.0/../../../../lib64/:/lib/../lib64/:/usr/lib/../lib64/:/usr/lib/gcc/x86_64-mageia-linux-gnu/8.4.0/../../../:/lib/:/usr/lib/]
  ignore line: [COLLECT_GCC_OPTIONS='-v' '-rdynamic' '-o' 'cmTC_42e90' '-mtune=generic' '-march=x86-64']
  link line: [ /usr/lib/gcc/x86_64-mageia-linux-gnu/8.4.0/collect2 -plugin /usr/lib/gcc/x86_64-mageia-linux-gnu/8.4.0/liblto_plugin.so -plugin-opt=/usr/lib/gcc/x86_64-mageia-linux-gnu/8.4.0/lto-wrapper -plugin-opt=-fresolution=/tmp/cc5MGG83.res -plugin-opt=-pass-through=-lgcc -plugin-opt=-pass-through=-lgcc_s -plugin-opt=-pass-through=-lc -plugin-opt=-pass-through=-lgcc -plugin-opt=-pass-through=-lgcc_s --build-id --eh-frame-hdr --hash-style=gnu -m elf_x86_64 -export-dynamic -dynamic-linker /lib64/ld-linux-x86-64.so.2 -o cmTC_42e90 /usr/lib/gcc/x86_64-mageia-linux-gnu/8.4.0/../../../../lib64/crt1.o /usr/lib/gcc/x86_64-mageia-linux-gnu/8.4.0/../../../../lib64/crti.o /usr/lib/gcc/x86_64-mageia-linux-gnu/8.4.0/crtbegin.o -L/usr/lib/gcc/x86_64-mageia-linux-gnu/8.4.0 -L/usr/lib/gcc/x86_64-mageia-linux-gnu/8.4.0/../../../../lib64 -L/lib/../lib64 -L/usr/lib/../lib64 -L/usr/lib/gcc/x86_64-mageia-linux-gnu/8.4.0/../../.. CMakeFiles/cmTC_42e90.dir/CMakeCCompilerABI.c.o -lgcc --as-needed -lgcc_s --no-as-needed -lc -lgcc --as-needed -lgcc_s --no-as-needed /usr/lib/gcc/x86_64-mageia-linux-gnu/8.4.0/crtend.o /usr/lib/gcc/x86_64-mageia-linux-gnu/8.4.0/../../../../lib64/crtn.o]
    arg [/usr/lib/gcc/x86_64-mageia-linux-gnu/8.4.0/collect2] ==> ignore
    arg [-plugin] ==> ignore
    arg [/usr/lib/gcc/x86_64-mageia-linux-gnu/8.4.0/liblto_plugin.so] ==> ignore
    arg [-plugin-opt=/usr/lib/gcc/x86_64-mageia-linux-gnu/8.4.0/lto-wrapper] ==> ignore
    arg [-plugin-opt=-fresolution=/tmp/cc5MGG83.res] ==> ignore
    arg [-plugin-opt=-pass-through=-lgcc] ==> ignore
    arg [-plugin-opt=-pass-through=-lgcc_s] ==> ignore
    arg [-plugin-opt=-pass-through=-lc] ==> ignore
    arg [-plugin-opt=-pass-through=-lgcc] ==> ignore
    arg [-plugin-opt=-pass-through=-lgcc_s] ==> ignore
    arg [--build-id] ==> ignore
    arg [--eh-frame-hdr] ==> ignore
    arg [--hash-style=gnu] ==> ignore
    arg [-m] ==> ignore
    arg [elf_x86_64] ==> ignore
    arg [-export-dynamic] ==> ignore
    arg [-dynamic-linker] ==> ignore
    arg [/lib64/ld-linux-x86-64.so.2] ==> ignore
    arg [-o] ==> ignore
    arg [cmTC_42e90] ==> ignore
    arg [/usr/lib/gcc/x86_64-mageia-linux-gnu/8.4.0/../../../../lib64/crt1.o] ==> ignore
    arg [/usr/lib/gcc/x86_64-mageia-linux-gnu/8.4.0/../../../../lib64/crti.o] ==> ignore
    arg [/usr/lib/gcc/x86_64-mageia-linux-gnu/8.4.0/crtbegin.o] ==> ignore
    arg [-L/usr/lib/gcc/x86_64-mageia-linux-gnu/8.4.0] ==> dir [/usr/lib/gcc/x86_64-mageia-linux-gnu/8.4.0]
    arg [-L/usr/lib/gcc/x86_64-mageia-linux-gnu/8.4.0/../../../../lib64] ==> dir [/usr/lib/gcc/x86_64-mageia-linux-gnu/8.4.0/../../../../lib64]
    arg [-L/lib/../lib64] ==> dir [/lib/../lib64]
    arg [-L/usr/lib/../lib64] ==> dir [/usr/lib/../lib64]
    arg [-L/usr/lib/gcc/x86_64-mageia-linux-gnu/8.4.0/../../..] ==> dir [/usr/lib/gcc/x86_64-mageia-linux-gnu/8.4.0/../../..]
    arg [CMakeFiles/cmTC_42e90.dir/CMakeCCompilerABI.c.o] ==> ignore
    arg [-lgcc] ==> lib [gcc]
    arg [--as-needed] ==> ignore
    arg [-lgcc_s] ==> lib [gcc_s]
    arg [--no-as-needed] ==> ignore
    arg [-lc] ==> lib [c]
    arg [-lgcc] ==> lib [gcc]
    arg [--as-needed] ==> ignore
    arg [-lgcc_s] ==> lib [gcc_s]
    arg [--no-as-needed] ==> ignore
    arg [/usr/lib/gcc/x86_64-mageia-linux-gnu/8.4.0/crtend.o] ==> ignore
    arg [/usr/lib/gcc/x86_64-mageia-linux-gnu/8.4.0/../../../../lib64/crtn.o] ==> ignore
  collapse library dir [/usr/lib/gcc/x86_64-mageia-linux-gnu/8.4.0] ==> [/usr/lib/gcc/x86_64-mageia-linux-gnu/8.4.0]
  collapse library dir [/usr/lib/gcc/x86_64-mageia-linux-gnu/8.4.0/../../../../lib64] ==> [/usr/lib64]
  collapse library dir [/lib/../lib64] ==> [/lib64]
  collapse library dir [/usr/lib/../lib64] ==> [/usr/lib64]
  collapse library dir [/usr/lib/gcc/x86_64-mageia-linux-gnu/8.4.0/../../..] ==> [/usr/lib]
  implicit libs: [gcc;gcc_s;c;gcc;gcc_s]
  implicit dirs: [/usr/lib/gcc/x86_64-mageia-linux-gnu/8.4.0;/usr/lib64;/lib64;/usr/lib]
  implicit fwks: []




Detecting C [-std=c11] compiler features compiled with the following output:
Change Dir: /home/pvicente/RBDOOM-3-BFG/neo/build/CMakeFiles/CMakeTmp

Run Build Command(s):/usr/bin/gmake cmTC_9af46/fast 
/usr/bin/gmake -f CMakeFiles/cmTC_9af46.dir/build.make CMakeFiles/cmTC_9af46.dir/build
gmake[1]: Entering directory '/home/pvicente/RBDOOM-3-BFG/neo/build/CMakeFiles/CMakeTmp'
Building C object CMakeFiles/cmTC_9af46.dir/feature_tests.c.o
/usr/bin/cc   -std=c11 -o CMakeFiles/cmTC_9af46.dir/feature_tests.c.o   -c /home/pvicente/RBDOOM-3-BFG/neo/build/CMakeFiles/feature_tests.c
Linking C executable cmTC_9af46
/usr/bin/cmake -E cmake_link_script CMakeFiles/cmTC_9af46.dir/link.txt --verbose=1
/usr/bin/cc      -rdynamic CMakeFiles/cmTC_9af46.dir/feature_tests.c.o  -o cmTC_9af46 
gmake[1]: Leaving directory '/home/pvicente/RBDOOM-3-BFG/neo/build/CMakeFiles/CMakeTmp'


    Feature record: C_FEATURE:1c_function_prototypes
    Feature record: C_FEATURE:1c_restrict
    Feature record: C_FEATURE:1c_static_assert
    Feature record: C_FEATURE:1c_variadic_macros


Detecting C [-std=c99] compiler features compiled with the following output:
Change Dir: /home/pvicente/RBDOOM-3-BFG/neo/build/CMakeFiles/CMakeTmp

Run Build Command(s):/usr/bin/gmake cmTC_05130/fast 
/usr/bin/gmake -f CMakeFiles/cmTC_05130.dir/build.make CMakeFiles/cmTC_05130.dir/build
gmake[1]: Entering directory '/home/pvicente/RBDOOM-3-BFG/neo/build/CMakeFiles/CMakeTmp'
Building C object CMakeFiles/cmTC_05130.dir/feature_tests.c.o
/usr/bin/cc   -std=c99 -o CMakeFiles/cmTC_05130.dir/feature_tests.c.o   -c /home/pvicente/RBDOOM-3-BFG/neo/build/CMakeFiles/feature_tests.c
Linking C executable cmTC_05130
/usr/bin/cmake -E cmake_link_script CMakeFiles/cmTC_05130.dir/link.txt --verbose=1
/usr/bin/cc      -rdynamic CMakeFiles/cmTC_05130.dir/feature_tests.c.o  -o cmTC_05130 
gmake[1]: Leaving directory '/home/pvicente/RBDOOM-3-BFG/neo/build/CMakeFiles/CMakeTmp'


    Feature record: C_FEATURE:1c_function_prototypes
    Feature record: C_FEATURE:1c_restrict
    Feature record: C_FEATURE:0c_static_assert
    Feature record: C_FEATURE:1c_variadic_macros


Detecting C [-std=c90] compiler features compiled with the following output:
Change Dir: /home/pvicente/RBDOOM-3-BFG/neo/build/CMakeFiles/CMakeTmp

Run Build Command(s):/usr/bin/gmake cmTC_a3217/fast 
/usr/bin/gmake -f CMakeFiles/cmTC_a3217.dir/build.make CMakeFiles/cmTC_a3217.dir/build
gmake[1]: Entering directory '/home/pvicente/RBDOOM-3-BFG/neo/build/CMakeFiles/CMakeTmp'
Building C object CMakeFiles/cmTC_a3217.dir/feature_tests.c.o
/usr/bin/cc   -std=c90 -o CMakeFiles/cmTC_a3217.dir/feature_tests.c.o   -c /home/pvicente/RBDOOM-3-BFG/neo/build/CMakeFiles/feature_tests.c
Linking C executable cmTC_a3217
/usr/bin/cmake -E cmake_link_script CMakeFiles/cmTC_a3217.dir/link.txt --verbose=1
/usr/bin/cc      -rdynamic CMakeFiles/cmTC_a3217.dir/feature_tests.c.o  -o cmTC_a3217 
gmake[1]: Leaving directory '/home/pvicente/RBDOOM-3-BFG/neo/build/CMakeFiles/CMakeTmp'


    Feature record: C_FEATURE:1c_function_prototypes
    Feature record: C_FEATURE:0c_restrict
    Feature record: C_FEATURE:0c_static_assert
    Feature record: C_FEATURE:0c_variadic_macros
Determining if the CXX compiler works passed with the following output:
Change Dir: /home/pvicente/RBDOOM-3-BFG/neo/build/CMakeFiles/CMakeTmp

Run Build Command(s):/usr/bin/gmake cmTC_015bd/fast 
/usr/bin/gmake -f CMakeFiles/cmTC_015bd.dir/build.make CMakeFiles/cmTC_015bd.dir/build
gmake[1]: Entering directory '/home/pvicente/RBDOOM-3-BFG/neo/build/CMakeFiles/CMakeTmp'
Building CXX object CMakeFiles/cmTC_015bd.dir/testCXXCompiler.cxx.o
/usr/bin/c++     -o CMakeFiles/cmTC_015bd.dir/testCXXCompiler.cxx.o -c /home/pvicente/RBDOOM-3-BFG/neo/build/CMakeFiles/CMakeTmp/testCXXCompiler.cxx
Linking CXX executable cmTC_015bd
/usr/bin/cmake -E cmake_link_script CMakeFiles/cmTC_015bd.dir/link.txt --verbose=1
/usr/bin/c++       -rdynamic CMakeFiles/cmTC_015bd.dir/testCXXCompiler.cxx.o  -o cmTC_015bd 
gmake[1]: Leaving directory '/home/pvicente/RBDOOM-3-BFG/neo/build/CMakeFiles/CMakeTmp'


Detecting CXX compiler ABI info compiled with the following output:
Change Dir: /home/pvicente/RBDOOM-3-BFG/neo/build/CMakeFiles/CMakeTmp

Run Build Command(s):/usr/bin/gmake cmTC_b3173/fast 
/usr/bin/gmake -f CMakeFiles/cmTC_b3173.dir/build.make CMakeFiles/cmTC_b3173.dir/build
gmake[1]: Entering directory '/home/pvicente/RBDOOM-3-BFG/neo/build/CMakeFiles/CMakeTmp'
Building CXX object CMakeFiles/cmTC_b3173.dir/CMakeCXXCompilerABI.cpp.o
/usr/bin/c++    -v -o CMakeFiles/cmTC_b3173.dir/CMakeCXXCompilerABI.cpp.o -c /usr/share/cmake/Modules/CMakeCXXCompilerABI.cpp
Using built-in specs.
COLLECT_GCC=/usr/bin/c++
Target: x86_64-mageia-linux-gnu
Configured with: ../configure --prefix=/usr --libexecdir=/usr/lib --with-slibdir=/lib64 --with-pkgversion='Mageia 8.4.0-1.mga7' --with-bugurl=https://bugs.mageia.org/ --mandir=/usr/share/man --infodir=/usr/share/info --enable-checking=release --enable-languages=c,c++,ada,fortran,objc,obj-c++ --enable-linker-build-id --build=x86_64-mageia-linux-gnu --host=x86_64-mageia-linux-gnu --with-cpu=generic --with-system-zlib --enable-threads=posix --with-linker-hash-style=gnu --enable-shared --enable-long-long --enable-__cxa_atexit --disable-libunwind-exceptions --enable-clocale=gnu --enable-ssp --disable-libssp --disable-libffi --disable-werror --with-isl --with-python-dir=/lib/python2.7/site-packages --enable-lto
Thread model: posix
gcc version 8.4.0 (Mageia 8.4.0-1.mga7) 
COLLECT_GCC_OPTIONS='-v' '-o' 'CMakeFiles/cmTC_b3173.dir/CMakeCXXCompilerABI.cpp.o' '-c' '-shared-libgcc' '-mtune=generic' '-march=x86-64'
 /usr/lib/gcc/x86_64-mageia-linux-gnu/8.4.0/cc1plus -quiet -v -D_GNU_SOURCE /usr/share/cmake/Modules/CMakeCXXCompilerABI.cpp -quiet -dumpbase CMakeCXXCompilerABI.cpp -mtune=generic -march=x86-64 -auxbase-strip CMakeFiles/cmTC_b3173.dir/CMakeCXXCompilerABI.cpp.o -version -o /tmp/ccbQ13EB.s
GNU C++14 (Mageia 8.4.0-1.mga7) version 8.4.0 (x86_64-mageia-linux-gnu)
	compiled by GNU C version 8.4.0, GMP version 6.1.2, MPFR version 4.0.2, MPC version 1.1.0, isl version isl-0.18-GMP

GGC heuristics: --param ggc-min-expand=100 --param ggc-min-heapsize=131072
ignoring nonexistent directory "/usr/lib/gcc/x86_64-mageia-linux-gnu/8.4.0/include-fixed"
ignoring nonexistent directory "/usr/lib/gcc/x86_64-mageia-linux-gnu/8.4.0/../../../../x86_64-mageia-linux-gnu/include"
#include "..." search starts here:
#include <...> search starts here:
 /usr/lib/gcc/x86_64-mageia-linux-gnu/8.4.0/../../../../include/c++/8.4.0
 /usr/lib/gcc/x86_64-mageia-linux-gnu/8.4.0/../../../../include/c++/8.4.0/x86_64-mageia-linux-gnu
 /usr/lib/gcc/x86_64-mageia-linux-gnu/8.4.0/../../../../include/c++/8.4.0/backward
 /usr/lib/gcc/x86_64-mageia-linux-gnu/8.4.0/include
 /usr/local/include
 /usr/include
End of search list.
GNU C++14 (Mageia 8.4.0-1.mga7) version 8.4.0 (x86_64-mageia-linux-gnu)
	compiled by GNU C version 8.4.0, GMP version 6.1.2, MPFR version 4.0.2, MPC version 1.1.0, isl version isl-0.18-GMP

GGC heuristics: --param ggc-min-expand=100 --param ggc-min-heapsize=131072
Compiler executable checksum: 747319f6bb21d9b9033c7539924e7a33
COLLECT_GCC_OPTIONS='-v' '-o' 'CMakeFiles/cmTC_b3173.dir/CMakeCXXCompilerABI.cpp.o' '-c' '-shared-libgcc' '-mtune=generic' '-march=x86-64'
 as -v --64 -o CMakeFiles/cmTC_b3173.dir/CMakeCXXCompilerABI.cpp.o /tmp/ccbQ13EB.s
GNU assembler version 2.33.1 (x86_64-mageia-linux-gnu) using BFD version (GNU Binutils) 2.33.1
COMPILER_PATH=/usr/lib/gcc/x86_64-mageia-linux-gnu/8.4.0/:/usr/lib/gcc/x86_64-mageia-linux-gnu/8.4.0/:/usr/lib/gcc/x86_64-mageia-linux-gnu/:/usr/lib/gcc/x86_64-mageia-linux-gnu/8.4.0/:/usr/lib/gcc/x86_64-mageia-linux-gnu/
LIBRARY_PATH=/usr/lib/gcc/x86_64-mageia-linux-gnu/8.4.0/:/usr/lib/gcc/x86_64-mageia-linux-gnu/8.4.0/../../../../lib64/:/lib/../lib64/:/usr/lib/../lib64/:/usr/lib/gcc/x86_64-mageia-linux-gnu/8.4.0/../../../:/lib/:/usr/lib/
COLLECT_GCC_OPTIONS='-v' '-o' 'CMakeFiles/cmTC_b3173.dir/CMakeCXXCompilerABI.cpp.o' '-c' '-shared-libgcc' '-mtune=generic' '-march=x86-64'
Linking CXX executable cmTC_b3173
/usr/bin/cmake -E cmake_link_script CMakeFiles/cmTC_b3173.dir/link.txt --verbose=1
/usr/bin/c++      -v -rdynamic CMakeFiles/cmTC_b3173.dir/CMakeCXXCompilerABI.cpp.o  -o cmTC_b3173 
Using built-in specs.
COLLECT_GCC=/usr/bin/c++
COLLECT_LTO_WRAPPER=/usr/lib/gcc/x86_64-mageia-linux-gnu/8.4.0/lto-wrapper
Target: x86_64-mageia-linux-gnu
Configured with: ../configure --prefix=/usr --libexecdir=/usr/lib --with-slibdir=/lib64 --with-pkgversion='Mageia 8.4.0-1.mga7' --with-bugurl=https://bugs.mageia.org/ --mandir=/usr/share/man --infodir=/usr/share/info --enable-checking=release --enable-languages=c,c++,ada,fortran,objc,obj-c++ --enable-linker-build-id --build=x86_64-mageia-linux-gnu --host=x86_64-mageia-linux-gnu --with-cpu=generic --with-system-zlib --enable-threads=posix --with-linker-hash-style=gnu --enable-shared --enable-long-long --enable-__cxa_atexit --disable-libunwind-exceptions --enable-clocale=gnu --enable-ssp --disable-libssp --disable-libffi --disable-werror --with-isl --with-python-dir=/lib/python2.7/site-packages --enable-lto
Thread model: posix
gcc version 8.4.0 (Mageia 8.4.0-1.mga7) 
COMPILER_PATH=/usr/lib/gcc/x86_64-mageia-linux-gnu/8.4.0/:/usr/lib/gcc/x86_64-mageia-linux-gnu/8.4.0/:/usr/lib/gcc/x86_64-mageia-linux-gnu/:/usr/lib/gcc/x86_64-mageia-linux-gnu/8.4.0/:/usr/lib/gcc/x86_64-mageia-linux-gnu/
LIBRARY_PATH=/usr/lib/gcc/x86_64-mageia-linux-gnu/8.4.0/:/usr/lib/gcc/x86_64-mageia-linux-gnu/8.4.0/../../../../lib64/:/lib/../lib64/:/usr/lib/../lib64/:/usr/lib/gcc/x86_64-mageia-linux-gnu/8.4.0/../../../:/lib/:/usr/lib/
COLLECT_GCC_OPTIONS='-v' '-rdynamic' '-o' 'cmTC_b3173' '-shared-libgcc' '-mtune=generic' '-march=x86-64'
 /usr/lib/gcc/x86_64-mageia-linux-gnu/8.4.0/collect2 -plugin /usr/lib/gcc/x86_64-mageia-linux-gnu/8.4.0/liblto_plugin.so -plugin-opt=/usr/lib/gcc/x86_64-mageia-linux-gnu/8.4.0/lto-wrapper -plugin-opt=-fresolution=/tmp/cckGxLsE.res -plugin-opt=-pass-through=-lgcc_s -plugin-opt=-pass-through=-lgcc -plugin-opt=-pass-through=-lc -plugin-opt=-pass-through=-lgcc_s -plugin-opt=-pass-through=-lgcc --build-id --eh-frame-hdr --hash-style=gnu -m elf_x86_64 -export-dynamic -dynamic-linker /lib64/ld-linux-x86-64.so.2 -o cmTC_b3173 /usr/lib/gcc/x86_64-mageia-linux-gnu/8.4.0/../../../../lib64/crt1.o /usr/lib/gcc/x86_64-mageia-linux-gnu/8.4.0/../../../../lib64/crti.o /usr/lib/gcc/x86_64-mageia-linux-gnu/8.4.0/crtbegin.o -L/usr/lib/gcc/x86_64-mageia-linux-gnu/8.4.0 -L/usr/lib/gcc/x86_64-mageia-linux-gnu/8.4.0/../../../../lib64 -L/lib/../lib64 -L/usr/lib/../lib64 -L/usr/lib/gcc/x86_64-mageia-linux-gnu/8.4.0/../../.. CMakeFiles/cmTC_b3173.dir/CMakeCXXCompilerABI.cpp.o -lstdc++ -lm -lgcc_s -lgcc -lc -lgcc_s -lgcc /usr/lib/gcc/x86_64-mageia-linux-gnu/8.4.0/crtend.o /usr/lib/gcc/x86_64-mageia-linux-gnu/8.4.0/../../../../lib64/crtn.o
COLLECT_GCC_OPTIONS='-v' '-rdynamic' '-o' 'cmTC_b3173' '-shared-libgcc' '-mtune=generic' '-march=x86-64'
gmake[1]: Leaving directory '/home/pvicente/RBDOOM-3-BFG/neo/build/CMakeFiles/CMakeTmp'


Parsed CXX implicit include dir info from above output: rv=done
  found start of include info
  found start of implicit include info
    add: [/usr/lib/gcc/x86_64-mageia-linux-gnu/8.4.0/../../../../include/c++/8.4.0]
    add: [/usr/lib/gcc/x86_64-mageia-linux-gnu/8.4.0/../../../../include/c++/8.4.0/x86_64-mageia-linux-gnu]
    add: [/usr/lib/gcc/x86_64-mageia-linux-gnu/8.4.0/../../../../include/c++/8.4.0/backward]
    add: [/usr/lib/gcc/x86_64-mageia-linux-gnu/8.4.0/include]
    add: [/usr/local/include]
    add: [/usr/include]
  end of search list found
  collapse include dir [/usr/lib/gcc/x86_64-mageia-linux-gnu/8.4.0/../../../../include/c++/8.4.0] ==> [/usr/include/c++/8.4.0]
  collapse include dir [/usr/lib/gcc/x86_64-mageia-linux-gnu/8.4.0/../../../../include/c++/8.4.0/x86_64-mageia-linux-gnu] ==> [/usr/include/c++/8.4.0/x86_64-mageia-linux-gnu]
  collapse include dir [/usr/lib/gcc/x86_64-mageia-linux-gnu/8.4.0/../../../../include/c++/8.4.0/backward] ==> [/usr/include/c++/8.4.0/backward]
  collapse include dir [/usr/lib/gcc/x86_64-mageia-linux-gnu/8.4.0/include] ==> [/usr/lib/gcc/x86_64-mageia-linux-gnu/8.4.0/include]
  collapse include dir [/usr/local/include] ==> [/usr/local/include]
  collapse include dir [/usr/include] ==> [/usr/include]
  implicit include dirs: [/usr/include/c++/8.4.0;/usr/include/c++/8.4.0/x86_64-mageia-linux-gnu;/usr/include/c++/8.4.0/backward;/usr/lib/gcc/x86_64-mageia-linux-gnu/8.4.0/include;/usr/local/include;/usr/include]


Parsed CXX implicit link information from above output:
  link line regex: [^( *|.*[/\])(ld|CMAKE_LINK_STARTFILE-NOTFOUND|([^/\]+-)?ld|collect2)[^/\]*( |$)]
  ignore line: [Change Dir: /home/pvicente/RBDOOM-3-BFG/neo/build/CMakeFiles/CMakeTmp]
  ignore line: []
  ignore line: [Run Build Command(s):/usr/bin/gmake cmTC_b3173/fast ]
  ignore line: [/usr/bin/gmake -f CMakeFiles/cmTC_b3173.dir/build.make CMakeFiles/cmTC_b3173.dir/build]
  ignore line: [gmake[1]: Entering directory '/home/pvicente/RBDOOM-3-BFG/neo/build/CMakeFiles/CMakeTmp']
  ignore line: [Building CXX object CMakeFiles/cmTC_b3173.dir/CMakeCXXCompilerABI.cpp.o]
  ignore line: [/usr/bin/c++    -v -o CMakeFiles/cmTC_b3173.dir/CMakeCXXCompilerABI.cpp.o -c /usr/share/cmake/Modules/CMakeCXXCompilerABI.cpp]
  ignore line: [Using built-in specs.]
  ignore line: [COLLECT_GCC=/usr/bin/c++]
  ignore line: [Target: x86_64-mageia-linux-gnu]
  ignore line: [Configured with: ../configure --prefix=/usr --libexecdir=/usr/lib --with-slibdir=/lib64 --with-pkgversion='Mageia 8.4.0-1.mga7' --with-bugurl=https://bugs.mageia.org/ --mandir=/usr/share/man --infodir=/usr/share/info --enable-checking=release --enable-languages=c,c++,ada,fortran,objc,obj-c++ --enable-linker-build-id --build=x86_64-mageia-linux-gnu --host=x86_64-mageia-linux-gnu --with-cpu=generic --with-system-zlib --enable-threads=posix --with-linker-hash-style=gnu --enable-shared --enable-long-long --enable-__cxa_atexit --disable-libunwind-exceptions --enable-clocale=gnu --enable-ssp --disable-libssp --disable-libffi --disable-werror --with-isl --with-python-dir=/lib/python2.7/site-packages --enable-lto]
  ignore line: [Thread model: posix]
  ignore line: [gcc version 8.4.0 (Mageia 8.4.0-1.mga7) ]
  ignore line: [COLLECT_GCC_OPTIONS='-v' '-o' 'CMakeFiles/cmTC_b3173.dir/CMakeCXXCompilerABI.cpp.o' '-c' '-shared-libgcc' '-mtune=generic' '-march=x86-64']
  ignore line: [ /usr/lib/gcc/x86_64-mageia-linux-gnu/8.4.0/cc1plus -quiet -v -D_GNU_SOURCE /usr/share/cmake/Modules/CMakeCXXCompilerABI.cpp -quiet -dumpbase CMakeCXXCompilerABI.cpp -mtune=generic -march=x86-64 -auxbase-strip CMakeFiles/cmTC_b3173.dir/CMakeCXXCompilerABI.cpp.o -version -o /tmp/ccbQ13EB.s]
  ignore line: [GNU C++14 (Mageia 8.4.0-1.mga7) version 8.4.0 (x86_64-mageia-linux-gnu)]
  ignore line: [	compiled by GNU C version 8.4.0, GMP version 6.1.2, MPFR version 4.0.2, MPC version 1.1.0, isl version isl-0.18-GMP]
  ignore line: []
  ignore line: [GGC heuristics: --param ggc-min-expand=100 --param ggc-min-heapsize=131072]
  ignore line: [ignoring nonexistent directory "/usr/lib/gcc/x86_64-mageia-linux-gnu/8.4.0/include-fixed"]
  ignore line: [ignoring nonexistent directory "/usr/lib/gcc/x86_64-mageia-linux-gnu/8.4.0/../../../../x86_64-mageia-linux-gnu/include"]
  ignore line: [#include "..." search starts here:]
  ignore line: [#include <...> search starts here:]
  ignore line: [ /usr/lib/gcc/x86_64-mageia-linux-gnu/8.4.0/../../../../include/c++/8.4.0]
  ignore line: [ /usr/lib/gcc/x86_64-mageia-linux-gnu/8.4.0/../../../../include/c++/8.4.0/x86_64-mageia-linux-gnu]
  ignore line: [ /usr/lib/gcc/x86_64-mageia-linux-gnu/8.4.0/../../../../include/c++/8.4.0/backward]
  ignore line: [ /usr/lib/gcc/x86_64-mageia-linux-gnu/8.4.0/include]
  ignore line: [ /usr/local/include]
  ignore line: [ /usr/include]
  ignore line: [End of search list.]
  ignore line: [GNU C++14 (Mageia 8.4.0-1.mga7) version 8.4.0 (x86_64-mageia-linux-gnu)]
  ignore line: [	compiled by GNU C version 8.4.0, GMP version 6.1.2, MPFR version 4.0.2, MPC version 1.1.0, isl version isl-0.18-GMP]
  ignore line: []
  ignore line: [GGC heuristics: --param ggc-min-expand=100 --param ggc-min-heapsize=131072]
  ignore line: [Compiler executable checksum: 747319f6bb21d9b9033c7539924e7a33]
  ignore line: [COLLECT_GCC_OPTIONS='-v' '-o' 'CMakeFiles/cmTC_b3173.dir/CMakeCXXCompilerABI.cpp.o' '-c' '-shared-libgcc' '-mtune=generic' '-march=x86-64']
  ignore line: [ as -v --64 -o CMakeFiles/cmTC_b3173.dir/CMakeCXXCompilerABI.cpp.o /tmp/ccbQ13EB.s]
  ignore line: [GNU assembler version 2.33.1 (x86_64-mageia-linux-gnu) using BFD version (GNU Binutils) 2.33.1]
  ignore line: [COMPILER_PATH=/usr/lib/gcc/x86_64-mageia-linux-gnu/8.4.0/:/usr/lib/gcc/x86_64-mageia-linux-gnu/8.4.0/:/usr/lib/gcc/x86_64-mageia-linux-gnu/:/usr/lib/gcc/x86_64-mageia-linux-gnu/8.4.0/:/usr/lib/gcc/x86_64-mageia-linux-gnu/]
  ignore line: [LIBRARY_PATH=/usr/lib/gcc/x86_64-mageia-linux-gnu/8.4.0/:/usr/lib/gcc/x86_64-mageia-linux-gnu/8.4.0/../../../../lib64/:/lib/../lib64/:/usr/lib/../lib64/:/usr/lib/gcc/x86_64-mageia-linux-gnu/8.4.0/../../../:/lib/:/usr/lib/]
  ignore line: [COLLECT_GCC_OPTIONS='-v' '-o' 'CMakeFiles/cmTC_b3173.dir/CMakeCXXCompilerABI.cpp.o' '-c' '-shared-libgcc' '-mtune=generic' '-march=x86-64']
  ignore line: [Linking CXX executable cmTC_b3173]
  ignore line: [/usr/bin/cmake -E cmake_link_script CMakeFiles/cmTC_b3173.dir/link.txt --verbose=1]
  ignore line: [/usr/bin/c++      -v -rdynamic CMakeFiles/cmTC_b3173.dir/CMakeCXXCompilerABI.cpp.o  -o cmTC_b3173 ]
  ignore line: [Using built-in specs.]
  ignore line: [COLLECT_GCC=/usr/bin/c++]
  ignore line: [COLLECT_LTO_WRAPPER=/usr/lib/gcc/x86_64-mageia-linux-gnu/8.4.0/lto-wrapper]
  ignore line: [Target: x86_64-mageia-linux-gnu]
  ignore line: [Configured with: ../configure --prefix=/usr --libexecdir=/usr/lib --with-slibdir=/lib64 --with-pkgversion='Mageia 8.4.0-1.mga7' --with-bugurl=https://bugs.mageia.org/ --mandir=/usr/share/man --infodir=/usr/share/info --enable-checking=release --enable-languages=c,c++,ada,fortran,objc,obj-c++ --enable-linker-build-id --build=x86_64-mageia-linux-gnu --host=x86_64-mageia-linux-gnu --with-cpu=generic --with-system-zlib --enable-threads=posix --with-linker-hash-style=gnu --enable-shared --enable-long-long --enable-__cxa_atexit --disable-libunwind-exceptions --enable-clocale=gnu --enable-ssp --disable-libssp --disable-libffi --disable-werror --with-isl --with-python-dir=/lib/python2.7/site-packages --enable-lto]
  ignore line: [Thread model: posix]
  ignore line: [gcc version 8.4.0 (Mageia 8.4.0-1.mga7) ]
  ignore line: [COMPILER_PATH=/usr/lib/gcc/x86_64-mageia-linux-gnu/8.4.0/:/usr/lib/gcc/x86_64-mageia-linux-gnu/8.4.0/:/usr/lib/gcc/x86_64-mageia-linux-gnu/:/usr/lib/gcc/x86_64-mageia-linux-gnu/8.4.0/:/usr/lib/gcc/x86_64-mageia-linux-gnu/]
  ignore line: [LIBRARY_PATH=/usr/lib/gcc/x86_64-mageia-linux-gnu/8.4.0/:/usr/lib/gcc/x86_64-mageia-linux-gnu/8.4.0/../../../../lib64/:/lib/../lib64/:/usr/lib/../lib64/:/usr/lib/gcc/x86_64-mageia-linux-gnu/8.4.0/../../../:/lib/:/usr/lib/]
  ignore line: [COLLECT_GCC_OPTIONS='-v' '-rdynamic' '-o' 'cmTC_b3173' '-shared-libgcc' '-mtune=generic' '-march=x86-64']
  link line: [ /usr/lib/gcc/x86_64-mageia-linux-gnu/8.4.0/collect2 -plugin /usr/lib/gcc/x86_64-mageia-linux-gnu/8.4.0/liblto_plugin.so -plugin-opt=/usr/lib/gcc/x86_64-mageia-linux-gnu/8.4.0/lto-wrapper -plugin-opt=-fresolution=/tmp/cckGxLsE.res -plugin-opt=-pass-through=-lgcc_s -plugin-opt=-pass-through=-lgcc -plugin-opt=-pass-through=-lc -plugin-opt=-pass-through=-lgcc_s -plugin-opt=-pass-through=-lgcc --build-id --eh-frame-hdr --hash-style=gnu -m elf_x86_64 -export-dynamic -dynamic-linker /lib64/ld-linux-x86-64.so.2 -o cmTC_b3173 /usr/lib/gcc/x86_64-mageia-linux-gnu/8.4.0/../../../../lib64/crt1.o /usr/lib/gcc/x86_64-mageia-linux-gnu/8.4.0/../../../../lib64/crti.o /usr/lib/gcc/x86_64-mageia-linux-gnu/8.4.0/crtbegin.o -L/usr/lib/gcc/x86_64-mageia-linux-gnu/8.4.0 -L/usr/lib/gcc/x86_64-mageia-linux-gnu/8.4.0/../../../../lib64 -L/lib/../lib64 -L/usr/lib/../lib64 -L/usr/lib/gcc/x86_64-mageia-linux-gnu/8.4.0/../../.. CMakeFiles/cmTC_b3173.dir/CMakeCXXCompilerABI.cpp.o -lstdc++ -lm -lgcc_s -lgcc -lc -lgcc_s -lgcc /usr/lib/gcc/x86_64-mageia-linux-gnu/8.4.0/crtend.o /usr/lib/gcc/x86_64-mageia-linux-gnu/8.4.0/../../../../lib64/crtn.o]
    arg [/usr/lib/gcc/x86_64-mageia-linux-gnu/8.4.0/collect2] ==> ignore
    arg [-plugin] ==> ignore
    arg [/usr/lib/gcc/x86_64-mageia-linux-gnu/8.4.0/liblto_plugin.so] ==> ignore
    arg [-plugin-opt=/usr/lib/gcc/x86_64-mageia-linux-gnu/8.4.0/lto-wrapper] ==> ignore
    arg [-plugin-opt=-fresolution=/tmp/cckGxLsE.res] ==> ignore
    arg [-plugin-opt=-pass-through=-lgcc_s] ==> ignore
    arg [-plugin-opt=-pass-through=-lgcc] ==> ignore
    arg [-plugin-opt=-pass-through=-lc] ==> ignore
    arg [-plugin-opt=-pass-through=-lgcc_s] ==> ignore
    arg [-plugin-opt=-pass-through=-lgcc] ==> ignore
    arg [--build-id] ==> ignore
    arg [--eh-frame-hdr] ==> ignore
    arg [--hash-style=gnu] ==> ignore
    arg [-m] ==> ignore
    arg [elf_x86_64] ==> ignore
    arg [-export-dynamic] ==> ignore
    arg [-dynamic-linker] ==> ignore
    arg [/lib64/ld-linux-x86-64.so.2] ==> ignore
    arg [-o] ==> ignore
    arg [cmTC_b3173] ==> ignore
    arg [/usr/lib/gcc/x86_64-mageia-linux-gnu/8.4.0/../../../../lib64/crt1.o] ==> ignore
    arg [/usr/lib/gcc/x86_64-mageia-linux-gnu/8.4.0/../../../../lib64/crti.o] ==> ignore
    arg [/usr/lib/gcc/x86_64-mageia-linux-gnu/8.4.0/crtbegin.o] ==> ignore
    arg [-L/usr/lib/gcc/x86_64-mageia-linux-gnu/8.4.0] ==> dir [/usr/lib/gcc/x86_64-mageia-linux-gnu/8.4.0]
    arg [-L/usr/lib/gcc/x86_64-mageia-linux-gnu/8.4.0/../../../../lib64] ==> dir [/usr/lib/gcc/x86_64-mageia-linux-gnu/8.4.0/../../../../lib64]
    arg [-L/lib/../lib64] ==> dir [/lib/../lib64]
    arg [-L/usr/lib/../lib64] ==> dir [/usr/lib/../lib64]
    arg [-L/usr/lib/gcc/x86_64-mageia-linux-gnu/8.4.0/../../..] ==> dir [/usr/lib/gcc/x86_64-mageia-linux-gnu/8.4.0/../../..]
    arg [CMakeFiles/cmTC_b3173.dir/CMakeCXXCompilerABI.cpp.o] ==> ignore
    arg [-lstdc++] ==> lib [stdc++]
    arg [-lm] ==> lib [m]
    arg [-lgcc_s] ==> lib [gcc_s]
    arg [-lgcc] ==> lib [gcc]
    arg [-lc] ==> lib [c]
    arg [-lgcc_s] ==> lib [gcc_s]
    arg [-lgcc] ==> lib [gcc]
    arg [/usr/lib/gcc/x86_64-mageia-linux-gnu/8.4.0/crtend.o] ==> ignore
    arg [/usr/lib/gcc/x86_64-mageia-linux-gnu/8.4.0/../../../../lib64/crtn.o] ==> ignore
  collapse library dir [/usr/lib/gcc/x86_64-mageia-linux-gnu/8.4.0] ==> [/usr/lib/gcc/x86_64-mageia-linux-gnu/8.4.0]
  collapse library dir [/usr/lib/gcc/x86_64-mageia-linux-gnu/8.4.0/../../../../lib64] ==> [/usr/lib64]
  collapse library dir [/lib/../lib64] ==> [/lib64]
  collapse library dir [/usr/lib/../lib64] ==> [/usr/lib64]
  collapse library dir [/usr/lib/gcc/x86_64-mageia-linux-gnu/8.4.0/../../..] ==> [/usr/lib]
  implicit libs: [stdc++;m;gcc_s;gcc;c;gcc_s;gcc]
  implicit dirs: [/usr/lib/gcc/x86_64-mageia-linux-gnu/8.4.0;/usr/lib64;/lib64;/usr/lib]
  implicit fwks: []




Detecting CXX [-std=c++2a] compiler features compiled with the following output:
Change Dir: /home/pvicente/RBDOOM-3-BFG/neo/build/CMakeFiles/CMakeTmp

Run Build Command(s):/usr/bin/gmake cmTC_0a999/fast 
/usr/bin/gmake -f CMakeFiles/cmTC_0a999.dir/build.make CMakeFiles/cmTC_0a999.dir/build
gmake[1]: Entering directory '/home/pvicente/RBDOOM-3-BFG/neo/build/CMakeFiles/CMakeTmp'
Building CXX object CMakeFiles/cmTC_0a999.dir/feature_tests.cxx.o
/usr/bin/c++    -std=c++2a -o CMakeFiles/cmTC_0a999.dir/feature_tests.cxx.o -c /home/pvicente/RBDOOM-3-BFG/neo/build/CMakeFiles/feature_tests.cxx
Linking CXX executable cmTC_0a999
/usr/bin/cmake -E cmake_link_script CMakeFiles/cmTC_0a999.dir/link.txt --verbose=1
/usr/bin/c++       -rdynamic CMakeFiles/cmTC_0a999.dir/feature_tests.cxx.o  -o cmTC_0a999 
gmake[1]: Leaving directory '/home/pvicente/RBDOOM-3-BFG/neo/build/CMakeFiles/CMakeTmp'


    Feature record: CXX_FEATURE:1cxx_aggregate_default_initializers
    Feature record: CXX_FEATURE:1cxx_alias_templates
    Feature record: CXX_FEATURE:1cxx_alignas
    Feature record: CXX_FEATURE:1cxx_alignof
    Feature record: CXX_FEATURE:1cxx_attributes
    Feature record: CXX_FEATURE:1cxx_attribute_deprecated
    Feature record: CXX_FEATURE:1cxx_auto_type
    Feature record: CXX_FEATURE:1cxx_binary_literals
    Feature record: CXX_FEATURE:1cxx_constexpr
    Feature record: CXX_FEATURE:1cxx_contextual_conversions
    Feature record: CXX_FEATURE:1cxx_decltype
    Feature record: CXX_FEATURE:1cxx_decltype_auto
    Feature record: CXX_FEATURE:1cxx_decltype_incomplete_return_types
    Feature record: CXX_FEATURE:1cxx_default_function_template_args
    Feature record: CXX_FEATURE:1cxx_defaulted_functions
    Feature record: CXX_FEATURE:1cxx_defaulted_move_initializers
    Feature record: CXX_FEATURE:1cxx_delegating_constructors
    Feature record: CXX_FEATURE:1cxx_deleted_functions
    Feature record: CXX_FEATURE:1cxx_digit_separators
    Feature record: CXX_FEATURE:1cxx_enum_forward_declarations
    Feature record: CXX_FEATURE:1cxx_explicit_conversions
    Feature record: CXX_FEATURE:1cxx_extended_friend_declarations
    Feature record: CXX_FEATURE:1cxx_extern_templates
    Feature record: CXX_FEATURE:1cxx_final
    Feature record: CXX_FEATURE:1cxx_func_identifier
    Feature record: CXX_FEATURE:1cxx_generalized_initializers
    Feature record: CXX_FEATURE:1cxx_generic_lambdas
    Feature record: CXX_FEATURE:1cxx_inheriting_constructors
    Feature record: CXX_FEATURE:1cxx_inline_namespaces
    Feature record: CXX_FEATURE:1cxx_lambdas
    Feature record: CXX_FEATURE:1cxx_lambda_init_captures
    Feature record: CXX_FEATURE:1cxx_local_type_template_args
    Feature record: CXX_FEATURE:1cxx_long_long_type
    Feature record: CXX_FEATURE:1cxx_noexcept
    Feature record: CXX_FEATURE:1cxx_nonstatic_member_init
    Feature record: CXX_FEATURE:1cxx_nullptr
    Feature record: CXX_FEATURE:1cxx_override
    Feature record: CXX_FEATURE:1cxx_range_for
    Feature record: CXX_FEATURE:1cxx_raw_string_literals
    Feature record: CXX_FEATURE:1cxx_reference_qualified_functions
    Feature record: CXX_FEATURE:1cxx_relaxed_constexpr
    Feature record: CXX_FEATURE:1cxx_return_type_deduction
    Feature record: CXX_FEATURE:1cxx_right_angle_brackets
    Feature record: CXX_FEATURE:1cxx_rvalue_references
    Feature record: CXX_FEATURE:1cxx_sizeof_member
    Feature record: CXX_FEATURE:1cxx_static_assert
    Feature record: CXX_FEATURE:1cxx_strong_enums
    Feature record: CXX_FEATURE:1cxx_template_template_parameters
    Feature record: CXX_FEATURE:1cxx_thread_local
    Feature record: CXX_FEATURE:1cxx_trailing_return_types
    Feature record: CXX_FEATURE:1cxx_unicode_literals
    Feature record: CXX_FEATURE:1cxx_uniform_initialization
    Feature record: CXX_FEATURE:1cxx_unrestricted_unions
    Feature record: CXX_FEATURE:1cxx_user_literals
    Feature record: CXX_FEATURE:1cxx_variable_templates
    Feature record: CXX_FEATURE:1cxx_variadic_macros
    Feature record: CXX_FEATURE:1cxx_variadic_templates


Detecting CXX [-std=c++17] compiler features compiled with the following output:
Change Dir: /home/pvicente/RBDOOM-3-BFG/neo/build/CMakeFiles/CMakeTmp

Run Build Command(s):/usr/bin/gmake cmTC_a4dd5/fast 
/usr/bin/gmake -f CMakeFiles/cmTC_a4dd5.dir/build.make CMakeFiles/cmTC_a4dd5.dir/build
gmake[1]: Entering directory '/home/pvicente/RBDOOM-3-BFG/neo/build/CMakeFiles/CMakeTmp'
Building CXX object CMakeFiles/cmTC_a4dd5.dir/feature_tests.cxx.o
/usr/bin/c++    -std=c++17 -o CMakeFiles/cmTC_a4dd5.dir/feature_tests.cxx.o -c /home/pvicente/RBDOOM-3-BFG/neo/build/CMakeFiles/feature_tests.cxx
Linking CXX executable cmTC_a4dd5
/usr/bin/cmake -E cmake_link_script CMakeFiles/cmTC_a4dd5.dir/link.txt --verbose=1
/usr/bin/c++       -rdynamic CMakeFiles/cmTC_a4dd5.dir/feature_tests.cxx.o  -o cmTC_a4dd5 
gmake[1]: Leaving directory '/home/pvicente/RBDOOM-3-BFG/neo/build/CMakeFiles/CMakeTmp'


    Feature record: CXX_FEATURE:1cxx_aggregate_default_initializers
    Feature record: CXX_FEATURE:1cxx_alias_templates
    Feature record: CXX_FEATURE:1cxx_alignas
    Feature record: CXX_FEATURE:1cxx_alignof
    Feature record: CXX_FEATURE:1cxx_attributes
    Feature record: CXX_FEATURE:1cxx_attribute_deprecated
    Feature record: CXX_FEATURE:1cxx_auto_type
    Feature record: CXX_FEATURE:1cxx_binary_literals
    Feature record: CXX_FEATURE:1cxx_constexpr
    Feature record: CXX_FEATURE:1cxx_contextual_conversions
    Feature record: CXX_FEATURE:1cxx_decltype
    Feature record: CXX_FEATURE:1cxx_decltype_auto
    Feature record: CXX_FEATURE:1cxx_decltype_incomplete_return_types
    Feature record: CXX_FEATURE:1cxx_default_function_template_args
    Feature record: CXX_FEATURE:1cxx_defaulted_functions
    Feature record: CXX_FEATURE:1cxx_defaulted_move_initializers
    Feature record: CXX_FEATURE:1cxx_delegating_constructors
    Feature record: CXX_FEATURE:1cxx_deleted_functions
    Feature record: CXX_FEATURE:1cxx_digit_separators
    Feature record: CXX_FEATURE:1cxx_enum_forward_declarations
    Feature record: CXX_FEATURE:1cxx_explicit_conversions
    Feature record: CXX_FEATURE:1cxx_extended_friend_declarations
    Feature record: CXX_FEATURE:1cxx_extern_templates
    Feature record: CXX_FEATURE:1cxx_final
    Feature record: CXX_FEATURE:1cxx_func_identifier
    Feature record: CXX_FEATURE:1cxx_generalized_initializers
    Feature record: CXX_FEATURE:1cxx_generic_lambdas
    Feature record: CXX_FEATURE:1cxx_inheriting_constructors
    Feature record: CXX_FEATURE:1cxx_inline_namespaces
    Feature record: CXX_FEATURE:1cxx_lambdas
    Feature record: CXX_FEATURE:1cxx_lambda_init_captures
    Feature record: CXX_FEATURE:1cxx_local_type_template_args
    Feature record: CXX_FEATURE:1cxx_long_long_type
    Feature record: CXX_FEATURE:1cxx_noexcept
    Feature record: CXX_FEATURE:1cxx_nonstatic_member_init
    Feature record: CXX_FEATURE:1cxx_nullptr
    Feature record: CXX_FEATURE:1cxx_override
    Feature record: CXX_FEATURE:1cxx_range_for
    Feature record: CXX_FEATURE:1cxx_raw_string_literals
    Feature record: CXX_FEATURE:1cxx_reference_qualified_functions
    Feature record: CXX_FEATURE:1cxx_relaxed_constexpr
    Feature record: CXX_FEATURE:1cxx_return_type_deduction
    Feature record: CXX_FEATURE:1cxx_right_angle_brackets
    Feature record: CXX_FEATURE:1cxx_rvalue_references
    Feature record: CXX_FEATURE:1cxx_sizeof_member
    Feature record: CXX_FEATURE:1cxx_static_assert
    Feature record: CXX_FEATURE:1cxx_strong_enums
    Feature record: CXX_FEATURE:1cxx_template_template_parameters
    Feature record: CXX_FEATURE:1cxx_thread_local
    Feature record: CXX_FEATURE:1cxx_trailing_return_types
    Feature record: CXX_FEATURE:1cxx_unicode_literals
    Feature record: CXX_FEATURE:1cxx_uniform_initialization
    Feature record: CXX_FEATURE:1cxx_unrestricted_unions
    Feature record: CXX_FEATURE:1cxx_user_literals
    Feature record: CXX_FEATURE:1cxx_variable_templates
    Feature record: CXX_FEATURE:1cxx_variadic_macros
    Feature record: CXX_FEATURE:1cxx_variadic_templates


Detecting CXX [-std=c++14] compiler features compiled with the following output:
Change Dir: /home/pvicente/RBDOOM-3-BFG/neo/build/CMakeFiles/CMakeTmp

Run Build Command(s):/usr/bin/gmake cmTC_730bf/fast 
/usr/bin/gmake -f CMakeFiles/cmTC_730bf.dir/build.make CMakeFiles/cmTC_730bf.dir/build
gmake[1]: Entering directory '/home/pvicente/RBDOOM-3-BFG/neo/build/CMakeFiles/CMakeTmp'
Building CXX object CMakeFiles/cmTC_730bf.dir/feature_tests.cxx.o
/usr/bin/c++    -std=c++14 -o CMakeFiles/cmTC_730bf.dir/feature_tests.cxx.o -c /home/pvicente/RBDOOM-3-BFG/neo/build/CMakeFiles/feature_tests.cxx
Linking CXX executable cmTC_730bf
/usr/bin/cmake -E cmake_link_script CMakeFiles/cmTC_730bf.dir/link.txt --verbose=1
/usr/bin/c++       -rdynamic CMakeFiles/cmTC_730bf.dir/feature_tests.cxx.o  -o cmTC_730bf 
gmake[1]: Leaving directory '/home/pvicente/RBDOOM-3-BFG/neo/build/CMakeFiles/CMakeTmp'


    Feature record: CXX_FEATURE:1cxx_aggregate_default_initializers
    Feature record: CXX_FEATURE:1cxx_alias_templates
    Feature record: CXX_FEATURE:1cxx_alignas
    Feature record: CXX_FEATURE:1cxx_alignof
    Feature record: CXX_FEATURE:1cxx_attributes
    Feature record: CXX_FEATURE:1cxx_attribute_deprecated
    Feature record: CXX_FEATURE:1cxx_auto_type
    Feature record: CXX_FEATURE:1cxx_binary_literals
    Feature record: CXX_FEATURE:1cxx_constexpr
    Feature record: CXX_FEATURE:1cxx_contextual_conversions
    Feature record: CXX_FEATURE:1cxx_decltype
    Feature record: CXX_FEATURE:1cxx_decltype_auto
    Feature record: CXX_FEATURE:1cxx_decltype_incomplete_return_types
    Feature record: CXX_FEATURE:1cxx_default_function_template_args
    Feature record: CXX_FEATURE:1cxx_defaulted_functions
    Feature record: CXX_FEATURE:1cxx_defaulted_move_initializers
    Feature record: CXX_FEATURE:1cxx_delegating_constructors
    Feature record: CXX_FEATURE:1cxx_deleted_functions
    Feature record: CXX_FEATURE:1cxx_digit_separators
    Feature record: CXX_FEATURE:1cxx_enum_forward_declarations
    Feature record: CXX_FEATURE:1cxx_explicit_conversions
    Feature record: CXX_FEATURE:1cxx_extended_friend_declarations
    Feature record: CXX_FEATURE:1cxx_extern_templates
    Feature record: CXX_FEATURE:1cxx_final
    Feature record: CXX_FEATURE:1cxx_func_identifier
    Feature record: CXX_FEATURE:1cxx_generalized_initializers
    Feature record: CXX_FEATURE:1cxx_generic_lambdas
    Feature record: CXX_FEATURE:1cxx_inheriting_constructors
    Feature record: CXX_FEATURE:1cxx_inline_namespaces
    Feature record: CXX_FEATURE:1cxx_lambdas
    Feature record: CXX_FEATURE:1cxx_lambda_init_captures
    Feature record: CXX_FEATURE:1cxx_local_type_template_args
    Feature record: CXX_FEATURE:1cxx_long_long_type
    Feature record: CXX_FEATURE:1cxx_noexcept
    Feature record: CXX_FEATURE:1cxx_nonstatic_member_init
    Feature record: CXX_FEATURE:1cxx_nullptr
    Feature record: CXX_FEATURE:1cxx_override
    Feature record: CXX_FEATURE:1cxx_range_for
    Feature record: CXX_FEATURE:1cxx_raw_string_literals
    Feature record: CXX_FEATURE:1cxx_reference_qualified_functions
    Feature record: CXX_FEATURE:1cxx_relaxed_constexpr
    Feature record: CXX_FEATURE:1cxx_return_type_deduction
    Feature record: CXX_FEATURE:1cxx_right_angle_brackets
    Feature record: CXX_FEATURE:1cxx_rvalue_references
    Feature record: CXX_FEATURE:1cxx_sizeof_member
    Feature record: CXX_FEATURE:1cxx_static_assert
    Feature record: CXX_FEATURE:1cxx_strong_enums
    Feature record: CXX_FEATURE:1cxx_template_template_parameters
    Feature record: CXX_FEATURE:1cxx_thread_local
    Feature record: CXX_FEATURE:1cxx_trailing_return_types
    Feature record: CXX_FEATURE:1cxx_unicode_literals
    Feature record: CXX_FEATURE:1cxx_uniform_initialization
    Feature record: CXX_FEATURE:1cxx_unrestricted_unions
    Feature record: CXX_FEATURE:1cxx_user_literals
    Feature record: CXX_FEATURE:1cxx_variable_templates
    Feature record: CXX_FEATURE:1cxx_variadic_macros
    Feature record: CXX_FEATURE:1cxx_variadic_templates


Detecting CXX [-std=c++11] compiler features compiled with the following output:
Change Dir: /home/pvicente/RBDOOM-3-BFG/neo/build/CMakeFiles/CMakeTmp

Run Build Command(s):/usr/bin/gmake cmTC_61bcb/fast 
/usr/bin/gmake -f CMakeFiles/cmTC_61bcb.dir/build.make CMakeFiles/cmTC_61bcb.dir/build
gmake[1]: Entering directory '/home/pvicente/RBDOOM-3-BFG/neo/build/CMakeFiles/CMakeTmp'
Building CXX object CMakeFiles/cmTC_61bcb.dir/feature_tests.cxx.o
/usr/bin/c++    -std=c++11 -o CMakeFiles/cmTC_61bcb.dir/feature_tests.cxx.o -c /home/pvicente/RBDOOM-3-BFG/neo/build/CMakeFiles/feature_tests.cxx
Linking CXX executable cmTC_61bcb
/usr/bin/cmake -E cmake_link_script CMakeFiles/cmTC_61bcb.dir/link.txt --verbose=1
/usr/bin/c++       -rdynamic CMakeFiles/cmTC_61bcb.dir/feature_tests.cxx.o  -o cmTC_61bcb 
gmake[1]: Leaving directory '/home/pvicente/RBDOOM-3-BFG/neo/build/CMakeFiles/CMakeTmp'


    Feature record: CXX_FEATURE:0cxx_aggregate_default_initializers
    Feature record: CXX_FEATURE:1cxx_alias_templates
    Feature record: CXX_FEATURE:1cxx_alignas
    Feature record: CXX_FEATURE:1cxx_alignof
    Feature record: CXX_FEATURE:1cxx_attributes
    Feature record: CXX_FEATURE:0cxx_attribute_deprecated
    Feature record: CXX_FEATURE:1cxx_auto_type
    Feature record: CXX_FEATURE:0cxx_binary_literals
    Feature record: CXX_FEATURE:1cxx_constexpr
    Feature record: CXX_FEATURE:0cxx_contextual_conversions
    Feature record: CXX_FEATURE:1cxx_decltype
    Feature record: CXX_FEATURE:0cxx_decltype_auto
    Feature record: CXX_FEATURE:1cxx_decltype_incomplete_return_types
    Feature record: CXX_FEATURE:1cxx_default_function_template_args
    Feature record: CXX_FEATURE:1cxx_defaulted_functions
    Feature record: CXX_FEATURE:1cxx_defaulted_move_initializers
    Feature record: CXX_FEATURE:1cxx_delegating_constructors
    Feature record: CXX_FEATURE:1cxx_deleted_functions
    Feature record: CXX_FEATURE:0cxx_digit_separators
    Feature record: CXX_FEATURE:1cxx_enum_forward_declarations
    Feature record: CXX_FEATURE:1cxx_explicit_conversions
    Feature record: CXX_FEATURE:1cxx_extended_friend_declarations
    Feature record: CXX_FEATURE:1cxx_extern_templates
    Feature record: CXX_FEATURE:1cxx_final
    Feature record: CXX_FEATURE:1cxx_func_identifier
    Feature record: CXX_FEATURE:1cxx_generalized_initializers
    Feature record: CXX_FEATURE:0cxx_generic_lambdas
    Feature record: CXX_FEATURE:1cxx_inheriting_constructors
    Feature record: CXX_FEATURE:1cxx_inline_namespaces
    Feature record: CXX_FEATURE:1cxx_lambdas
    Feature record: CXX_FEATURE:0cxx_lambda_init_captures
    Feature record: CXX_FEATURE:1cxx_local_type_template_args
    Feature record: CXX_FEATURE:1cxx_long_long_type
    Feature record: CXX_FEATURE:1cxx_noexcept
    Feature record: CXX_FEATURE:1cxx_nonstatic_member_init
    Feature record: CXX_FEATURE:1cxx_nullptr
    Feature record: CXX_FEATURE:1cxx_override
    Feature record: CXX_FEATURE:1cxx_range_for
    Feature record: CXX_FEATURE:1cxx_raw_string_literals
    Feature record: CXX_FEATURE:1cxx_reference_qualified_functions
    Feature record: CXX_FEATURE:0cxx_relaxed_constexpr
    Feature record: CXX_FEATURE:0cxx_return_type_deduction
    Feature record: CXX_FEATURE:1cxx_right_angle_brackets
    Feature record: CXX_FEATURE:1cxx_rvalue_references
    Feature record: CXX_FEATURE:1cxx_sizeof_member
    Feature record: CXX_FEATURE:1cxx_static_assert
    Feature record: CXX_FEATURE:1cxx_strong_enums
    Feature record: CXX_FEATURE:1cxx_template_template_parameters
    Feature record: CXX_FEATURE:1cxx_thread_local
    Feature record: CXX_FEATURE:1cxx_trailing_return_types
    Feature record: CXX_FEATURE:1cxx_unicode_literals
    Feature record: CXX_FEATURE:1cxx_uniform_initialization
    Feature record: CXX_FEATURE:1cxx_unrestricted_unions
    Feature record: CXX_FEATURE:1cxx_user_literals
    Feature record: CXX_FEATURE:0cxx_variable_templates
    Feature record: CXX_FEATURE:1cxx_variadic_macros
    Feature record: CXX_FEATURE:1cxx_variadic_templates


Detecting CXX [-std=c++98] compiler features compiled with the following output:
Change Dir: /home/pvicente/RBDOOM-3-BFG/neo/build/CMakeFiles/CMakeTmp

Run Build Command(s):/usr/bin/gmake cmTC_c2226/fast 
/usr/bin/gmake -f CMakeFiles/cmTC_c2226.dir/build.make CMakeFiles/cmTC_c2226.dir/build
gmake[1]: Entering directory '/home/pvicente/RBDOOM-3-BFG/neo/build/CMakeFiles/CMakeTmp'
Building CXX object CMakeFiles/cmTC_c2226.dir/feature_tests.cxx.o
/usr/bin/c++    -std=c++98 -o CMakeFiles/cmTC_c2226.dir/feature_tests.cxx.o -c /home/pvicente/RBDOOM-3-BFG/neo/build/CMakeFiles/feature_tests.cxx
Linking CXX executable cmTC_c2226
/usr/bin/cmake -E cmake_link_script CMakeFiles/cmTC_c2226.dir/link.txt --verbose=1
/usr/bin/c++       -rdynamic CMakeFiles/cmTC_c2226.dir/feature_tests.cxx.o  -o cmTC_c2226 
gmake[1]: Leaving directory '/home/pvicente/RBDOOM-3-BFG/neo/build/CMakeFiles/CMakeTmp'


    Feature record: CXX_FEATURE:0cxx_aggregate_default_initializers
    Feature record: CXX_FEATURE:0cxx_alias_templates
    Feature record: CXX_FEATURE:0cxx_alignas
    Feature record: CXX_FEATURE:0cxx_alignof
    Feature record: CXX_FEATURE:0cxx_attributes
    Feature record: CXX_FEATURE:0cxx_attribute_deprecated
    Feature record: CXX_FEATURE:0cxx_auto_type
    Feature record: CXX_FEATURE:0cxx_binary_literals
    Feature record: CXX_FEATURE:0cxx_constexpr
    Feature record: CXX_FEATURE:0cxx_contextual_conversions
    Feature record: CXX_FEATURE:0cxx_decltype
    Feature record: CXX_FEATURE:0cxx_decltype_auto
    Feature record: CXX_FEATURE:0cxx_decltype_incomplete_return_types
    Feature record: CXX_FEATURE:0cxx_default_function_template_args
    Feature record: CXX_FEATURE:0cxx_defaulted_functions
    Feature record: CXX_FEATURE:0cxx_defaulted_move_initializers
    Feature record: CXX_FEATURE:0cxx_delegating_constructors
    Feature record: CXX_FEATURE:0cxx_deleted_functions
    Feature record: CXX_FEATURE:0cxx_digit_separators
    Feature record: CXX_FEATURE:0cxx_enum_forward_declarations
    Feature record: CXX_FEATURE:0cxx_explicit_conversions
    Feature record: CXX_FEATURE:0cxx_extended_friend_declarations
    Feature record: CXX_FEATURE:0cxx_extern_templates
    Feature record: CXX_FEATURE:0cxx_final
    Feature record: CXX_FEATURE:0cxx_func_identifier
    Feature record: CXX_FEATURE:0cxx_generalized_initializers
    Feature record: CXX_FEATURE:0cxx_generic_lambdas
    Feature record: CXX_FEATURE:0cxx_inheriting_constructors
    Feature record: CXX_FEATURE:0cxx_inline_namespaces
    Feature record: CXX_FEATURE:0cxx_lambdas
    Feature record: CXX_FEATURE:0cxx_lambda_init_captures
    Feature record: CXX_FEATURE:0cxx_local_type_template_args
    Feature record: CXX_FEATURE:0cxx_long_long_type
    Feature record: CXX_FEATURE:0cxx_noexcept
    Feature record: CXX_FEATURE:0cxx_nonstatic_member_init
    Feature record: CXX_FEATURE:0cxx_nullptr
    Feature record: CXX_FEATURE:0cxx_override
    Feature record: CXX_FEATURE:0cxx_range_for
    Feature record: CXX_FEATURE:0cxx_raw_string_literals
    Feature record: CXX_FEATURE:0cxx_reference_qualified_functions
    Feature record: CXX_FEATURE:0cxx_relaxed_constexpr
    Feature record: CXX_FEATURE:0cxx_return_type_deduction
    Feature record: CXX_FEATURE:0cxx_right_angle_brackets
    Feature record: CXX_FEATURE:0cxx_rvalue_references
    Feature record: CXX_FEATURE:0cxx_sizeof_member
    Feature record: CXX_FEATURE:0cxx_static_assert
    Feature record: CXX_FEATURE:0cxx_strong_enums
    Feature record: CXX_FEATURE:1cxx_template_template_parameters
    Feature record: CXX_FEATURE:0cxx_thread_local
    Feature record: CXX_FEATURE:0cxx_trailing_return_types
    Feature record: CXX_FEATURE:0cxx_unicode_literals
    Feature record: CXX_FEATURE:0cxx_uniform_initialization
    Feature record: CXX_FEATURE:0cxx_unrestricted_unions
    Feature record: CXX_FEATURE:0cxx_user_literals
    Feature record: CXX_FEATURE:0cxx_variable_templates
    Feature record: CXX_FEATURE:0cxx_variadic_macros
    Feature record: CXX_FEATURE:0cxx_variadic_templates
Determining if the include file pthread.h exists passed with the following output:
Change Dir: /home/pvicente/RBDOOM-3-BFG/neo/build/CMakeFiles/CMakeTmp

Run Build Command(s):/usr/bin/gmake cmTC_c604e/fast 
/usr/bin/gmake -f CMakeFiles/cmTC_c604e.dir/build.make CMakeFiles/cmTC_c604e.dir/build
gmake[1]: Entering directory '/home/pvicente/RBDOOM-3-BFG/neo/build/CMakeFiles/CMakeTmp'
Building C object CMakeFiles/cmTC_c604e.dir/CheckIncludeFile.c.o
/usr/bin/cc    -o CMakeFiles/cmTC_c604e.dir/CheckIncludeFile.c.o   -c /home/pvicente/RBDOOM-3-BFG/neo/build/CMakeFiles/CMakeTmp/CheckIncludeFile.c
Linking C executable cmTC_c604e
/usr/bin/cmake -E cmake_link_script CMakeFiles/cmTC_c604e.dir/link.txt --verbose=1
/usr/bin/cc      -rdynamic CMakeFiles/cmTC_c604e.dir/CheckIncludeFile.c.o  -o cmTC_c604e 
gmake[1]: Leaving directory '/home/pvicente/RBDOOM-3-BFG/neo/build/CMakeFiles/CMakeTmp'


Determining if the function pthread_create exists in the pthread passed with the following output:
Change Dir: /home/pvicente/RBDOOM-3-BFG/neo/build/CMakeFiles/CMakeTmp

Run Build Command(s):/usr/bin/gmake cmTC_25b81/fast 
/usr/bin/gmake -f CMakeFiles/cmTC_25b81.dir/build.make CMakeFiles/cmTC_25b81.dir/build
gmake[1]: Entering directory '/home/pvicente/RBDOOM-3-BFG/neo/build/CMakeFiles/CMakeTmp'
Building C object CMakeFiles/cmTC_25b81.dir/CheckFunctionExists.c.o
/usr/bin/cc   -DCHECK_FUNCTION_EXISTS=pthread_create   -o CMakeFiles/cmTC_25b81.dir/CheckFunctionExists.c.o   -c /usr/share/cmake/Modules/CheckFunctionExists.c
Linking C executable cmTC_25b81
/usr/bin/cmake -E cmake_link_script CMakeFiles/cmTC_25b81.dir/link.txt --verbose=1
/usr/bin/cc  -DCHECK_FUNCTION_EXISTS=pthread_create    -rdynamic CMakeFiles/cmTC_25b81.dir/CheckFunctionExists.c.o  -o cmTC_25b81 -lpthread 
gmake[1]: Leaving directory '/home/pvicente/RBDOOM-3-BFG/neo/build/CMakeFiles/CMakeTmp'


