Determining if the pthread_create exist failed with the following output:
Change Dir: /home/pvicente/RBDOOM-3-BFG/neo/build/CMakeFiles/CMakeTmp

Run Build Command(s):/usr/bin/gmake cmTC_bba69/fast 
/usr/bin/gmake -f CMakeFiles/cmTC_bba69.dir/build.make CMakeFiles/cmTC_bba69.dir/build
gmake[1]: Entering directory '/home/pvicente/RBDOOM-3-BFG/neo/build/CMakeFiles/CMakeTmp'
Building C object CMakeFiles/cmTC_bba69.dir/CheckSymbolExists.c.o
/usr/bin/cc    -o CMakeFiles/cmTC_bba69.dir/CheckSymbolExists.c.o   -c /home/pvicente/RBDOOM-3-BFG/neo/build/CMakeFiles/CMakeTmp/CheckSymbolExists.c
Linking C executable cmTC_bba69
/usr/bin/cmake -E cmake_link_script CMakeFiles/cmTC_bba69.dir/link.txt --verbose=1
/usr/bin/cc      -rdynamic CMakeFiles/cmTC_bba69.dir/CheckSymbolExists.c.o  -o cmTC_bba69 
/usr/bin/ld: CMakeFiles/cmTC_bba69.dir/CheckSymbolExists.c.o: in function `main':
CheckSymbolExists.c:(.text+0x16): undefined reference to `pthread_create'
collect2: error: ld returned 1 exit status
gmake[1]: *** [CMakeFiles/cmTC_bba69.dir/build.make:87: cmTC_bba69] Error 1
gmake[1]: Leaving directory '/home/pvicente/RBDOOM-3-BFG/neo/build/CMakeFiles/CMakeTmp'
gmake: *** [Makefile:121: cmTC_bba69/fast] Error 2

File /home/pvicente/RBDOOM-3-BFG/neo/build/CMakeFiles/CMakeTmp/CheckSymbolExists.c:
/* */
#include <pthread.h>

int main(int argc, char** argv)
{
  (void)argv;
#ifndef pthread_create
  return ((int*)(&pthread_create))[argc];
#else
  (void)argc;
  return 0;
#endif
}

Determining if the function pthread_create exists in the pthreads failed with the following output:
Change Dir: /home/pvicente/RBDOOM-3-BFG/neo/build/CMakeFiles/CMakeTmp

Run Build Command(s):/usr/bin/gmake cmTC_c48c8/fast 
/usr/bin/gmake -f CMakeFiles/cmTC_c48c8.dir/build.make CMakeFiles/cmTC_c48c8.dir/build
gmake[1]: Entering directory '/home/pvicente/RBDOOM-3-BFG/neo/build/CMakeFiles/CMakeTmp'
Building C object CMakeFiles/cmTC_c48c8.dir/CheckFunctionExists.c.o
/usr/bin/cc   -DCHECK_FUNCTION_EXISTS=pthread_create   -o CMakeFiles/cmTC_c48c8.dir/CheckFunctionExists.c.o   -c /usr/share/cmake/Modules/CheckFunctionExists.c
Linking C executable cmTC_c48c8
/usr/bin/cmake -E cmake_link_script CMakeFiles/cmTC_c48c8.dir/link.txt --verbose=1
/usr/bin/cc  -DCHECK_FUNCTION_EXISTS=pthread_create    -rdynamic CMakeFiles/cmTC_c48c8.dir/CheckFunctionExists.c.o  -o cmTC_c48c8 -lpthreads 
/usr/bin/ld: cannot find -lpthreads
collect2: error: ld returned 1 exit status
gmake[1]: *** [CMakeFiles/cmTC_c48c8.dir/build.make:87: cmTC_c48c8] Error 1
gmake[1]: Leaving directory '/home/pvicente/RBDOOM-3-BFG/neo/build/CMakeFiles/CMakeTmp'
gmake: *** [Makefile:121: cmTC_c48c8/fast] Error 2


